0 info it worked if it ends with ok
1 verbose cli [ 'C:\\Program Files\\nodejs\\\\node.exe',
1 verbose cli   'C:\\Program Files\\nodejs\\node_modules\\npm\\bin\\npm-cli.js',
1 verbose cli   'install',
1 verbose cli   'memwatch',
1 verbose cli   '--save' ]
2 info using npm@1.3.17
3 info using node@v0.10.23
4 verbose node symlink C:\Program Files\nodejs\\node.exe
5 warn package.json the-village@0.0.1 No description
6 warn package.json the-village@0.0.1 No README data
7 warn package.json path@0.4.9 path is also the name of a node core module.
8 warn package.json crypto@0.0.3 crypto is also the name of a node core module.
9 verbose readDependencies using package.json deps
10 verbose cache add [ 'memwatch@~0.2.2', null ]
11 verbose cache add name=undefined spec="memwatch@~0.2.2" args=["memwatch@~0.2.2",null]
12 verbose parsed url { protocol: null,
12 verbose parsed url   slashes: null,
12 verbose parsed url   auth: null,
12 verbose parsed url   host: null,
12 verbose parsed url   port: null,
12 verbose parsed url   hostname: null,
12 verbose parsed url   hash: null,
12 verbose parsed url   search: null,
12 verbose parsed url   query: null,
12 verbose parsed url   pathname: 'memwatch@~0.2.2',
12 verbose parsed url   path: 'memwatch@~0.2.2',
12 verbose parsed url   href: 'memwatch@~0.2.2' }
13 verbose cache add name="memwatch" spec="~0.2.2" args=["memwatch","~0.2.2"]
14 verbose parsed url { protocol: null,
14 verbose parsed url   slashes: null,
14 verbose parsed url   auth: null,
14 verbose parsed url   host: null,
14 verbose parsed url   port: null,
14 verbose parsed url   hostname: null,
14 verbose parsed url   hash: null,
14 verbose parsed url   search: null,
14 verbose parsed url   query: null,
14 verbose parsed url   pathname: '~0.2.2',
14 verbose parsed url   path: '~0.2.2',
14 verbose parsed url   href: '~0.2.2' }
15 verbose addNamed [ 'memwatch', '~0.2.2' ]
16 verbose addNamed [ null, '>=0.2.2-0 <0.3.0-0' ]
17 silly lockFile c10dcf64-memwatch-0-2-2 memwatch@~0.2.2
18 verbose lock memwatch@~0.2.2 C:\Users\mjzitek\AppData\Roaming\npm-cache\c10dcf64-memwatch-0-2-2.lock
19 silly addNameRange { name: 'memwatch', range: '>=0.2.2-0 <0.3.0-0', hasData: false }
20 verbose url raw memwatch
21 verbose url resolving [ 'https://registry.npmjs.org/', './memwatch' ]
22 verbose url resolved https://registry.npmjs.org/memwatch
23 info trying registry request attempt 1 at 22:29:31
24 verbose etag "1EYNNWGKNS17A5G3TJAA5AVFH"
25 http GET https://registry.npmjs.org/memwatch
26 http 304 https://registry.npmjs.org/memwatch
27 silly registry.get cb [ 304,
27 silly registry.get   { date: 'Thu, 19 Jun 2014 05:29:33 GMT',
27 silly registry.get     server: 'Apache',
27 silly registry.get     via: '1.1 varnish',
27 silly registry.get     'last-modified': 'Thu, 19 Jun 2014 05:29:33 GMT',
27 silly registry.get     'cache-control': 'max-age=30',
27 silly registry.get     etag: '"1EYNNWGKNS17A5G3TJAA5AVFH"',
27 silly registry.get     'x-served-by': 'cache-lax1420-LAX',
27 silly registry.get     'x-cache': 'HIT',
27 silly registry.get     'x-cache-hits': '1',
27 silly registry.get     'x-timer': 'S1403155773.316196,VS0,VE0',
27 silly registry.get     vary: 'Accept',
27 silly registry.get     'content-length': '0',
27 silly registry.get     'keep-alive': 'timeout=10, max=50',
27 silly registry.get     connection: 'Keep-Alive' } ]
28 verbose etag memwatch from cache
29 silly addNameRange number 2 { name: 'memwatch', range: '>=0.2.2-0 <0.3.0-0', hasData: true }
30 silly addNameRange versions [ 'memwatch',
30 silly addNameRange   [ '0.1.0',
30 silly addNameRange     '0.1.1',
30 silly addNameRange     '0.1.2',
30 silly addNameRange     '0.1.3',
30 silly addNameRange     '0.1.4',
30 silly addNameRange     '0.1.5',
30 silly addNameRange     '0.2.0',
30 silly addNameRange     '0.2.1',
30 silly addNameRange     '0.2.2' ] ]
31 verbose addNamed [ 'memwatch', '0.2.2' ]
32 verbose addNamed [ '0.2.2', '0.2.2' ]
33 silly lockFile de70a2ed-memwatch-0-2-2 memwatch@0.2.2
34 verbose lock memwatch@0.2.2 C:\Users\mjzitek\AppData\Roaming\npm-cache\de70a2ed-memwatch-0-2-2.lock
35 silly lockFile de70a2ed-memwatch-0-2-2 memwatch@0.2.2
36 silly lockFile de70a2ed-memwatch-0-2-2 memwatch@0.2.2
37 silly lockFile c10dcf64-memwatch-0-2-2 memwatch@~0.2.2
38 silly lockFile c10dcf64-memwatch-0-2-2 memwatch@~0.2.2
39 silly resolved [ { name: 'memwatch',
39 silly resolved     description: 'Keep an eye on your memory usage, and discover and isolate leaks.',
39 silly resolved     version: '0.2.2',
39 silly resolved     author: { name: 'Lloyd Hilaiel', url: 'http://lloyd.io' },
39 silly resolved     engines: { node: '>= 0.6.0' },
39 silly resolved     repository:
39 silly resolved      { type: 'git',
39 silly resolved        url: 'https://github.com/lloyd/node-memwatch.git' },
39 silly resolved     main: 'include.js',
39 silly resolved     licenses: [ [Object] ],
39 silly resolved     bugs: { url: 'https://github.com/lloyd/node-memwatch/issues' },
39 silly resolved     scripts: { install: 'node-gyp rebuild', test: 'mocha tests' },
39 silly resolved     devDependencies: { mocha: '1.2.2', should: '0.6.3', 'node-gyp': '0.5.7' },
39 silly resolved     contributors: [ [Object], [Object], [Object] ],
39 silly resolved     readme: '`node-memwatch`: Leak Detection and Heap Diffing for Node.JS\n============================================================\n\n[![Build Status](https://secure.travis-ci.org/lloyd/node-memwatch.png)](http://travis-ci.org/lloyd/node-memwatch)\n\n`node-memwatch` is here to help you detect and find memory leaks in\nNode.JS code.  It provides:\n\n- A `leak` event, emitted when it appears your code is leaking memory.\n\n- A `stats` event, emitted occasionally, giving you\n  data describing your heap usage and trends over time.\n\n- A `HeapDiff` class that lets you compare the state of your heap between\n  two points in time, telling you what has been allocated, and what\n  has been released.\n\n\nInstallation\n------------\n\n- `npm install memwatch`\n\nor\n\n- `git clone git://github.com/lloyd/node-memwatch.git`\n\n\nDescription\n-----------\n\nThere are a growing number of tools for debugging and profiling memory\nusage in Node.JS applications, but there is still a need for a\nplatform-independent native module that requires no special\ninstrumentation.  This module attempts to satisfy that need.\n\nTo get started, import `node-memwatch` like so:\n\n```javascript\nvar memwatch = require(\'memwatch\');\n```\n\n### Leak Detection\n\nYou can then subscribe to `leak` events.  A `leak` event will be\nemitted when your heap usage has increased for five consecutive\ngarbage collections:\n\n```javascript\nmemwatch.on(\'leak\', function(info) { ... });\n```\n\nThe `info` object will look something like:\n\n```javascript\n{ start: Fri, 29 Jun 2012 14:12:13 GMT,\n  end: Fri, 29 Jun 2012 14:12:33 GMT,\n  growth: 67984,\n  reason: \'heap growth over 5 consecutive GCs (20s) - 11.67 mb/hr\' }\n```\n\n\n### Heap Usage\n\nThe best way to evaluate your memory footprint is to look at heap\nusage right aver V8 performs garbage collection.  `memwatch` does\nexactly this - it checks heap usage only after GC to give you a stable\nbaseline of your actual memory usage.\n\nWhen V8 performs a garbage collection (technically, we\'re talking\nabout a full GC with heap compaction), `memwatch` will emit a `stats`\nevent.\n\n```javascript\nmemwatch.on(\'stats\', function(stats) { ... });\n```\n\nThe `stats` data will look something like this:\n\n```javascript\n{\n  "num_full_gc": 17,\n  "num_inc_gc": 8,\n  "heap_compactions": 8,\n  "estimated_base": 2592568,\n  "current_base": 2592568,\n  "min": 2499912,\n  "max": 2592568,\n  "usage_trend": 0\n}\n```\n\n`estimated_base` and `usage_trend` are tracked over time.  If usage\ntrend is consistently positive, it indicates that your base heap size\nis continuously growing and you might have a leak.\n\nV8 has its own idea of when it\'s best to perform a GC, and under a\nheavy load, it may defer this action for some time.  To aid in\nspeedier debugging, `memwatch` provides a `gc()` method to force V8 to\ndo a full GC and heap compaction.\n\n\n### Heap Diffing\n\nSo far we have seen how `memwatch` can aid in leak detection.  For\nleak isolation, it provides a `HeapDiff` class that takes two snapshots\nand computes a diff between them.  For example:\n\n```javascript\n// Take first snapshot\nvar hd = new memwatch.HeapDiff();\n\n// do some things ...\n\n// Take the second snapshot and compute the diff\nvar diff = hd.end();\n```\n\nThe contents of `diff` will look something like:\n\n```javascript\n{\n  "before": { "nodes": 11625, "size_bytes": 1869904, "size": "1.78 mb" },\n  "after":  { "nodes": 21435, "size_bytes": 2119136, "size": "2.02 mb" },\n  "change": { "size_bytes": 249232, "size": "243.39 kb", "freed_nodes": 197,\n    "allocated_nodes": 10007,\n    "details": [\n      { "what": "String",\n        "size_bytes": -2120,  "size": "-2.07 kb",  "+": 3,    "-": 62\n      },\n      { "what": "Array",\n        "size_bytes": 66687,  "size": "65.13 kb",  "+": 4,    "-": 78\n      },\n      { "what": "LeakingClass",\n        "size_bytes": 239952, "size": "234.33 kb", "+": 9998, "-": 0\n      }\n    ]\n  }\n```\n\nThe diff shows that during the sample period, the total number of\nallocated `String` and `Array` classes decreased, but `Leaking Class`\ngrew by 9998 allocations.  Hmmm.\n\nYou can use `HeapDiff` in your `on(\'stats\')` callback; even though it\ntakes a memory snapshot, which triggers a V8 GC, it will not trigger\nthe `stats` event itself.  Because that would be silly.\n\n\nFuture Work\n-----------\n\nPlease see the Issues to share suggestions and contribute!\n\n\nLicense\n-------\n\nhttp://wtfpl.org\n',
39 silly resolved     readmeFilename: 'README.md',
39 silly resolved     gypfile: true,
39 silly resolved     homepage: 'https://github.com/lloyd/node-memwatch',
39 silly resolved     _id: 'memwatch@0.2.2',
39 silly resolved     _from: 'memwatch@~0.2.2' } ]
40 info install memwatch@0.2.2 into C:\Users\mjzitek\Documents\GitHub\the-village\persons
41 info installOne memwatch@0.2.2
42 info C:\Users\mjzitek\Documents\GitHub\the-village\persons\node_modules\memwatch unbuild
43 verbose tar unpack C:\Users\mjzitek\AppData\Roaming\npm-cache\memwatch\0.2.2\package.tgz
44 silly lockFile c42b7e40-ge-persons-node-modules-memwatch tar://C:\Users\mjzitek\Documents\GitHub\the-village\persons\node_modules\memwatch
45 verbose lock tar://C:\Users\mjzitek\Documents\GitHub\the-village\persons\node_modules\memwatch C:\Users\mjzitek\AppData\Roaming\npm-cache\c42b7e40-ge-persons-node-modules-memwatch.lock
46 silly lockFile 3983aca0-cache-memwatch-0-2-2-package-tgz tar://C:\Users\mjzitek\AppData\Roaming\npm-cache\memwatch\0.2.2\package.tgz
47 verbose lock tar://C:\Users\mjzitek\AppData\Roaming\npm-cache\memwatch\0.2.2\package.tgz C:\Users\mjzitek\AppData\Roaming\npm-cache\3983aca0-cache-memwatch-0-2-2-package-tgz.lock
48 silly gunzTarPerm modes [ '755', '644' ]
49 silly gunzTarPerm extractEntry package.json
50 silly gunzTarPerm modified mode [ 'package.json', 438, 420 ]
51 silly gunzTarPerm extractEntry .npmignore
52 silly gunzTarPerm modified mode [ '.npmignore', 438, 420 ]
53 silly gunzTarPerm extractEntry README.md
54 silly gunzTarPerm modified mode [ 'README.md', 438, 420 ]
55 silly gunzTarPerm extractEntry tests.js
56 silly gunzTarPerm modified mode [ 'tests.js', 438, 420 ]
57 silly gunzTarPerm extractEntry include.js
58 silly gunzTarPerm modified mode [ 'include.js', 438, 420 ]
59 silly gunzTarPerm extractEntry foo.js
60 silly gunzTarPerm modified mode [ 'foo.js', 438, 420 ]
61 silly gunzTarPerm extractEntry examples/basic_heapdiff.js
62 silly gunzTarPerm modified mode [ 'examples/basic_heapdiff.js', 438, 420 ]
63 silly gunzTarPerm extractEntry examples/do_nothing_server.js
64 silly gunzTarPerm modified mode [ 'examples/do_nothing_server.js', 438, 420 ]
65 silly gunzTarPerm extractEntry examples/slightly_leaky.js
66 silly gunzTarPerm modified mode [ 'examples/slightly_leaky.js', 438, 420 ]
67 silly gunzTarPerm extractEntry ChangeLog
68 silly gunzTarPerm modified mode [ 'ChangeLog', 438, 420 ]
69 silly gunzTarPerm extractEntry binding.gyp
70 silly gunzTarPerm modified mode [ 'binding.gyp', 438, 420 ]
71 silly gunzTarPerm extractEntry .travis.yml
72 silly gunzTarPerm modified mode [ '.travis.yml', 438, 420 ]
73 silly gunzTarPerm extractEntry src/heapdiff.cc
74 silly gunzTarPerm modified mode [ 'src/heapdiff.cc', 438, 420 ]
75 silly gunzTarPerm extractEntry src/heapdiff.hh
76 silly gunzTarPerm modified mode [ 'src/heapdiff.hh', 438, 420 ]
77 silly gunzTarPerm extractEntry src/init.cc
78 silly gunzTarPerm modified mode [ 'src/init.cc', 438, 420 ]
79 silly gunzTarPerm extractEntry src/memwatch.cc
80 silly gunzTarPerm modified mode [ 'src/memwatch.cc', 438, 420 ]
81 silly gunzTarPerm extractEntry src/memwatch.hh
82 silly gunzTarPerm modified mode [ 'src/memwatch.hh', 438, 420 ]
83 silly gunzTarPerm extractEntry src/platformcompat.hh
84 silly gunzTarPerm modified mode [ 'src/platformcompat.hh', 438, 420 ]
85 silly gunzTarPerm extractEntry src/util.cc
86 silly gunzTarPerm modified mode [ 'src/util.cc', 438, 420 ]
87 silly gunzTarPerm extractEntry src/util.hh
88 silly gunzTarPerm modified mode [ 'src/util.hh', 438, 420 ]
89 silly gunzTarPerm extractEntry #wscript#
90 silly gunzTarPerm modified mode [ '#wscript#', 438, 420 ]
91 silly lockFile c42b7e40-ge-persons-node-modules-memwatch tar://C:\Users\mjzitek\Documents\GitHub\the-village\persons\node_modules\memwatch
92 silly lockFile c42b7e40-ge-persons-node-modules-memwatch tar://C:\Users\mjzitek\Documents\GitHub\the-village\persons\node_modules\memwatch
93 silly lockFile 3983aca0-cache-memwatch-0-2-2-package-tgz tar://C:\Users\mjzitek\AppData\Roaming\npm-cache\memwatch\0.2.2\package.tgz
94 silly lockFile 3983aca0-cache-memwatch-0-2-2-package-tgz tar://C:\Users\mjzitek\AppData\Roaming\npm-cache\memwatch\0.2.2\package.tgz
95 info preinstall memwatch@0.2.2
96 verbose readDependencies using package.json deps
97 verbose readDependencies using package.json deps
98 silly resolved []
99 verbose about to build C:\Users\mjzitek\Documents\GitHub\the-village\persons\node_modules\memwatch
100 info build C:\Users\mjzitek\Documents\GitHub\the-village\persons\node_modules\memwatch
101 verbose linkStuff [ false,
101 verbose linkStuff   false,
101 verbose linkStuff   false,
101 verbose linkStuff   'C:\\Users\\mjzitek\\Documents\\GitHub\\the-village\\persons\\node_modules' ]
102 info linkStuff memwatch@0.2.2
103 verbose linkBins memwatch@0.2.2
104 verbose linkMans memwatch@0.2.2
105 verbose rebuildBundles memwatch@0.2.2
106 info install memwatch@0.2.2
107 verbose unsafe-perm in lifecycle true
108 info memwatch@0.2.2 Failed to exec install script
109 info C:\Users\mjzitek\Documents\GitHub\the-village\persons\node_modules\memwatch unbuild
110 info preuninstall memwatch@0.2.2
111 info uninstall memwatch@0.2.2
112 verbose true,C:\Users\mjzitek\Documents\GitHub\the-village\persons\node_modules,C:\Users\mjzitek\Documents\GitHub\the-village\persons\node_modules unbuild memwatch@0.2.2
113 info postuninstall memwatch@0.2.2
114 error memwatch@0.2.2 install: `node-gyp rebuild`
114 error Exit status 1
115 error Failed at the memwatch@0.2.2 install script.
115 error This is most likely a problem with the memwatch package,
115 error not with npm itself.
115 error Tell the author that this fails on your system:
115 error     node-gyp rebuild
115 error You can get their info via:
115 error     npm owner ls memwatch
115 error There is likely additional logging output above.
116 error System Windows_NT 6.2.9200
117 error command "C:\\Program Files\\nodejs\\\\node.exe" "C:\\Program Files\\nodejs\\node_modules\\npm\\bin\\npm-cli.js" "install" "memwatch" "--save"
118 error cwd C:\Users\mjzitek\Documents\GitHub\the-village\persons
119 error node -v v0.10.23
120 error npm -v 1.3.17
121 error code ELIFECYCLE
122 verbose exit [ 1, true ]
